<?xml version="1.0" encoding="UTF-8"?>
<!-- Generated by org.testng.reporters.JUnitReportReporter -->
<testsuite hostname="HP" failures="0" tests="1" name="org.Treshna.practice.MavenPracticeTest" time="0.023" errors="0" timestamp="2022-09-20T13:01:25 IST" skipped="0">
  <testcase classname="org.Treshna.practice.MavenPracticeTest" name="test" time="0.023"/>
  <system-out/>
</testsuite> <!-- org.Treshna.practice.MavenPracticeTest -->
