<?xml version="1.0" encoding="UTF-8"?>
<!-- Generated by org.testng.reporters.JUnitReportReporter -->
<testsuite hostname="HP" failures="0" tests="1" name="org.Treshna.FinalTestCases.Tc_001_create_org" time="25.378" errors="0" timestamp="2022-09-15T12:15:22 IST" skipped="0">
  <testcase classname="org.Treshna.FinalTestCases.Tc_001_create_org" name="createOrganization" time="25.378"/>
  <system-out>
    <![CDATA[successfully created the organization]]>
  </system-out>
</testsuite> <!-- org.Treshna.FinalTestCases.Tc_001_create_org -->
