<?xml version="1.0" encoding="UTF-8"?>
<!-- Generated by org.testng.reporters.JUnitReportReporter -->
<testsuite hostname="HP" failures="0" tests="1" name="org.Treshna.practice.Tc_004_CreateOraganizationAndCheckInContactModule" time="32.833" errors="0" timestamp="2022-09-15T12:37:11 IST" skipped="0">
  <testcase classname="org.Treshna.practice.Tc_004_CreateOraganizationAndCheckInContactModule" name="CreateOraganizationAndCheckInContactModule" time="32.833"/>
  <system-out/>
</testsuite> <!-- org.Treshna.practice.Tc_004_CreateOraganizationAndCheckInContactModule -->
