<?xml version="1.0" encoding="UTF-8"?>
<!-- Generated by org.testng.reporters.JUnitReportReporter -->
<testsuite hostname="HP" failures="0" tests="2" name="org.Treshna.practice.testNg.BasicAnnotationPracticeTest" time="0.058" errors="0" timestamp="2022-09-09T10:35:04 IST" skipped="0">
  <testcase classname="org.Treshna.practice.testNg.BasicAnnotationPracticeTest" name="setUpTest2" time="0.032"/>
  <system-out/>
  <testcase classname="org.Treshna.practice.testNg.BasicAnnotationPracticeTest" name="setUpTest1" time="0.026"/>
  <system-out/>
</testsuite> <!-- org.Treshna.practice.testNg.BasicAnnotationPracticeTest -->
