<?xml version="1.0" encoding="UTF-8"?>
<!-- Generated by org.testng.reporters.JUnitReportReporter -->
<testsuite hostname="HP" failures="0" tests="1" name="org.Treshna.practice.Tc_002_delete" time="17.580" errors="0" timestamp="2022-09-13T18:00:17 IST" skipped="0">
  <testcase classname="org.Treshna.practice.Tc_002_delete" name="deleteOrganization" time="17.580"/>
  <system-out/>
</testsuite> <!-- org.Treshna.practice.Tc_002_delete -->
