<?xml version="1.0" encoding="UTF-8"?>
<!-- Generated by org.testng.reporters.JUnitReportReporter -->
<testsuite hostname="HP" failures="0" tests="1" name="org.Treshna.genericUtility.ExtentReportsPractice" time="1.102" errors="0" timestamp="2022-09-14T19:55:44 IST" skipped="0">
  <testcase classname="org.Treshna.genericUtility.ExtentReportsPractice" name="extentReport" time="1.102"/>
  <system-out/>
</testsuite> <!-- org.Treshna.genericUtility.ExtentReportsPractice -->
