<?xml version="1.0" encoding="UTF-8"?>
<!-- Generated by org.testng.reporters.JUnitReportReporter -->
<testsuite hostname="HP" failures="0" tests="1" name="org.Treshna.practice.Tc_003_delete" time="19.723" errors="0" timestamp="2022-09-15T12:27:43 IST" skipped="0">
  <testcase classname="org.Treshna.practice.Tc_003_delete" name="deleteOrganization" time="19.723"/>
  <system-out/>
</testsuite> <!-- org.Treshna.practice.Tc_003_delete -->
